This file contains any messages produced by compilers while
running configure, to aid debugging if configure makes a mistake.

It was created by multicamera_demo configure 1.0, which was
generated by GNU Autoconf 2.65.  Invocation command line was

  $ ./configure 

## --------- ##
## Platform. ##
## --------- ##

hostname = mindvision-desktop
uname -m = i686
uname -r = 2.6.32-122-rtai
uname -s = Linux
uname -v = #rtai SMP Tue Jul 27 12:44:07 CDT 2010

/usr/bin/uname -p = unknown
/bin/uname -X     = unknown

/bin/arch              = unknown
/usr/bin/arch -k       = unknown
/usr/convex/getsysinfo = unknown
/usr/bin/hostinfo      = unknown
/bin/machine           = unknown
/usr/bin/oslevel       = unknown
/bin/universe          = unknown

PATH: /opt/arm-2009q1-203/bin
PATH: /home/mindvision/mindvision/tmp/opt/EmbedSky/4.3.3/bin/
PATH: /usr/local/sbin
PATH: /usr/local/bin
PATH: /usr/sbin
PATH: /usr/bin
PATH: /sbin
PATH: /bin
PATH: /usr/games
PATH: /usr/local/lib
PATH: /usr/local/arm/


## ----------- ##
## Core tests. ##
## ----------- ##

configure:2131: checking for a BSD-compatible install
configure:2199: result: /usr/bin/install -c
configure:2210: checking whether build environment is sane
configure:2260: result: yes
configure:2401: checking for a thread-safe mkdir -p
configure:2440: result: /bin/mkdir -p
configure:2453: checking for gawk
configure:2469: found /usr/bin/gawk
configure:2480: result: gawk
configure:2491: checking whether make sets $(MAKE)
configure:2513: result: yes
configure:2655: checking for g++
configure:2671: found /usr/bin/g++
configure:2682: result: g++
configure:2709: checking for C++ compiler version
configure:2718: g++ --version >&5
g++ (Ubuntu 4.4.3-4ubuntu5.1) 4.4.3
Copyright (C) 2009 Free Software Foundation, Inc.
This is free software; see the source for copying conditions.  There is NO
warranty; not even for MERCHANTABILITY or FITNESS FOR A PARTICULAR PURPOSE.

configure:2729: $? = 0
configure:2718: g++ -v >&5
Using built-in specs.
Target: i486-linux-gnu
Configured with: ../src/configure -v --with-pkgversion='Ubuntu 4.4.3-4ubuntu5.1' --with-bugurl=file:///usr/share/doc/gcc-4.4/README.Bugs --enable-languages=c,c++,fortran,objc,obj-c++ --prefix=/usr --enable-shared --enable-multiarch --enable-linker-build-id --with-system-zlib --libexecdir=/usr/lib --without-included-gettext --enable-threads=posix --with-gxx-include-dir=/usr/include/c++/4.4 --program-suffix=-4.4 --enable-nls --enable-clocale=gnu --enable-libstdcxx-debug --enable-plugin --enable-objc-gc --enable-targets=all --disable-werror --with-arch-32=i486 --with-tune=generic --enable-checking=release --build=i486-linux-gnu --host=i486-linux-gnu --target=i486-linux-gnu
Thread model: posix
gcc version 4.4.3 (Ubuntu 4.4.3-4ubuntu5.1) 
configure:2729: $? = 0
configure:2718: g++ -V >&5
g++: '-V' option must have argument
configure:2729: $? = 1
configure:2718: g++ -qversion >&5
g++: unrecognized option '-qversion'
g++: no input files
configure:2729: $? = 1
configure:2749: checking whether the C++ compiler works
configure:2771: g++    conftest.cpp  >&5
configure:2775: $? = 0
configure:2824: result: yes
configure:2827: checking for C++ compiler default output file name
configure:2829: result: a.out
configure:2835: checking for suffix of executables
configure:2842: g++ -o conftest    conftest.cpp  >&5
configure:2846: $? = 0
configure:2868: result: 
configure:2890: checking whether we are cross compiling
configure:2898: g++ -o conftest    conftest.cpp  >&5
configure:2902: $? = 0
configure:2909: ./conftest
configure:2913: $? = 0
configure:2928: result: no
configure:2933: checking for suffix of object files
configure:2955: g++ -c   conftest.cpp >&5
configure:2959: $? = 0
configure:2980: result: o
configure:2984: checking whether we are using the GNU C++ compiler
configure:3003: g++ -c   conftest.cpp >&5
configure:3003: $? = 0
configure:3012: result: yes
configure:3021: checking whether g++ accepts -g
configure:3041: g++ -c -g  conftest.cpp >&5
configure:3041: $? = 0
configure:3082: result: yes
configure:3116: checking for style of include used by make
configure:3144: result: GNU
configure:3169: checking dependency style of g++
configure:3279: result: gcc3
configure:3342: checking for gcc
configure:3358: found /usr/bin/gcc
configure:3369: result: gcc
configure:3598: checking for C compiler version
configure:3607: gcc --version >&5
gcc (Ubuntu 4.4.3-4ubuntu5.1) 4.4.3
Copyright (C) 2009 Free Software Foundation, Inc.
This is free software; see the source for copying conditions.  There is NO
warranty; not even for MERCHANTABILITY or FITNESS FOR A PARTICULAR PURPOSE.

configure:3618: $? = 0
configure:3607: gcc -v >&5
Using built-in specs.
Target: i486-linux-gnu
Configured with: ../src/configure -v --with-pkgversion='Ubuntu 4.4.3-4ubuntu5.1' --with-bugurl=file:///usr/share/doc/gcc-4.4/README.Bugs --enable-languages=c,c++,fortran,objc,obj-c++ --prefix=/usr --enable-shared --enable-multiarch --enable-linker-build-id --with-system-zlib --libexecdir=/usr/lib --without-included-gettext --enable-threads=posix --with-gxx-include-dir=/usr/include/c++/4.4 --program-suffix=-4.4 --enable-nls --enable-clocale=gnu --enable-libstdcxx-debug --enable-plugin --enable-objc-gc --enable-targets=all --disable-werror --with-arch-32=i486 --with-tune=generic --enable-checking=release --build=i486-linux-gnu --host=i486-linux-gnu --target=i486-linux-gnu
Thread model: posix
gcc version 4.4.3 (Ubuntu 4.4.3-4ubuntu5.1) 
configure:3618: $? = 0
configure:3607: gcc -V >&5
gcc: '-V' option must have argument
configure:3618: $? = 1
configure:3607: gcc -qversion >&5
gcc: unrecognized option '-qversion'
gcc: no input files
configure:3618: $? = 1
configure:3622: checking whether we are using the GNU C compiler
configure:3641: gcc -c   conftest.c >&5
configure:3641: $? = 0
configure:3650: result: yes
configure:3659: checking whether gcc accepts -g
configure:3679: gcc -c -g  conftest.c >&5
configure:3679: $? = 0
configure:3720: result: yes
configure:3737: checking for gcc option to accept ISO C89
configure:3801: gcc  -c -g -O2  conftest.c >&5
configure:3801: $? = 0
configure:3814: result: none needed
configure:3836: checking dependency style of gcc
configure:3946: result: gcc3
configure:4013: checking for pkg-config
configure:4031: found /usr/bin/pkg-config
configure:4043: result: /usr/bin/pkg-config
configure:4068: checking pkg-config is at least version 0.9.0
configure:4071: result: yes
configure:4082: checking for PACKAGE
configure:4090: $PKG_CONFIG --exists --print-errors "$pkg_modules"
configure:4093: $? = 0
configure:4108: $PKG_CONFIG --exists --print-errors "$pkg_modules"
configure:4111: $? = 0
configure:4166: result: yes
configure:4186: checking for pthread_rwlock_init in -lpthread
configure:4211: gcc -o conftest -g -O2   conftest.c -lpthread   >&5
configure:4211: $? = 0
configure:4220: result: yes
configure:4238: checking how to run the C preprocessor
configure:4269: gcc -E  conftest.c
configure:4269: $? = 0
configure:4283: gcc -E  conftest.c
conftest.c:13:28: error: ac_nonexistent.h: No such file or directory
configure:4283: $? = 1
configure: failed program was:
| /* confdefs.h */
| #define PACKAGE_NAME "multicamera_demo"
| #define PACKAGE_TARNAME "multicamera_demo"
| #define PACKAGE_VERSION "1.0"
| #define PACKAGE_STRING "multicamera_demo 1.0"
| #define PACKAGE_BUGREPORT ""
| #define PACKAGE_URL ""
| #define PACKAGE "multicamera_demo"
| #define VERSION "1.0"
| #define GETTEXT_PACKAGE "multicamera_demo"
| #define HAVE_LIBPTHREAD 1
| /* end confdefs.h.  */
| #include <ac_nonexistent.h>
configure:4308: result: gcc -E
configure:4328: gcc -E  conftest.c
configure:4328: $? = 0
configure:4342: gcc -E  conftest.c
conftest.c:13:28: error: ac_nonexistent.h: No such file or directory
configure:4342: $? = 1
configure: failed program was:
| /* confdefs.h */
| #define PACKAGE_NAME "multicamera_demo"
| #define PACKAGE_TARNAME "multicamera_demo"
| #define PACKAGE_VERSION "1.0"
| #define PACKAGE_STRING "multicamera_demo 1.0"
| #define PACKAGE_BUGREPORT ""
| #define PACKAGE_URL ""
| #define PACKAGE "multicamera_demo"
| #define VERSION "1.0"
| #define GETTEXT_PACKAGE "multicamera_demo"
| #define HAVE_LIBPTHREAD 1
| /* end confdefs.h.  */
| #include <ac_nonexistent.h>
configure:4371: checking for grep that handles long lines and -e
configure:4429: result: /bin/grep
configure:4434: checking for egrep
configure:4496: result: /bin/grep -E
configure:4501: checking for ANSI C header files
configure:4521: gcc -c -g -O2  conftest.c >&5
configure:4521: $? = 0
configure:4594: gcc -o conftest -g -O2   conftest.c -lpthread  >&5
configure:4594: $? = 0
configure:4594: ./conftest
configure:4594: $? = 0
configure:4605: result: yes
configure:4618: checking for sys/types.h
configure:4618: gcc -c -g -O2  conftest.c >&5
configure:4618: $? = 0
configure:4618: result: yes
configure:4618: checking for sys/stat.h
configure:4618: gcc -c -g -O2  conftest.c >&5
configure:4618: $? = 0
configure:4618: result: yes
configure:4618: checking for stdlib.h
configure:4618: gcc -c -g -O2  conftest.c >&5
configure:4618: $? = 0
configure:4618: result: yes
configure:4618: checking for string.h
configure:4618: gcc -c -g -O2  conftest.c >&5
configure:4618: $? = 0
configure:4618: result: yes
configure:4618: checking for memory.h
configure:4618: gcc -c -g -O2  conftest.c >&5
configure:4618: $? = 0
configure:4618: result: yes
configure:4618: checking for strings.h
configure:4618: gcc -c -g -O2  conftest.c >&5
configure:4618: $? = 0
configure:4618: result: yes
configure:4618: checking for inttypes.h
configure:4618: gcc -c -g -O2  conftest.c >&5
configure:4618: $? = 0
configure:4618: result: yes
configure:4618: checking for stdint.h
configure:4618: gcc -c -g -O2  conftest.c >&5
configure:4618: $? = 0
configure:4618: result: yes
configure:4618: checking for unistd.h
configure:4618: gcc -c -g -O2  conftest.c >&5
configure:4618: $? = 0
configure:4618: result: yes
configure:4634: checking fcntl.h usability
configure:4634: gcc -c -g -O2  conftest.c >&5
configure:4634: $? = 0
configure:4634: result: yes
configure:4634: checking fcntl.h presence
configure:4634: gcc -E  conftest.c
configure:4634: $? = 0
configure:4634: result: yes
configure:4634: checking for fcntl.h
configure:4634: result: yes
configure:4634: checking for stdlib.h
configure:4634: result: yes
configure:4634: checking for string.h
configure:4634: result: yes
configure:4634: checking sys/ioctl.h usability
configure:4634: gcc -c -g -O2  conftest.c >&5
configure:4634: $? = 0
configure:4634: result: yes
configure:4634: checking sys/ioctl.h presence
configure:4634: gcc -E  conftest.c
configure:4634: $? = 0
configure:4634: result: yes
configure:4634: checking for sys/ioctl.h
configure:4634: result: yes
configure:4634: checking for unistd.h
configure:4634: result: yes
configure:4634: checking gtk/gtk.h usability
configure:4634: gcc -c -g -O2  conftest.c >&5
conftest.c:61:21: error: gtk/gtk.h: No such file or directory
configure:4634: $? = 1
configure: failed program was:
| /* confdefs.h */
| #define PACKAGE_NAME "multicamera_demo"
| #define PACKAGE_TARNAME "multicamera_demo"
| #define PACKAGE_VERSION "1.0"
| #define PACKAGE_STRING "multicamera_demo 1.0"
| #define PACKAGE_BUGREPORT ""
| #define PACKAGE_URL ""
| #define PACKAGE "multicamera_demo"
| #define VERSION "1.0"
| #define GETTEXT_PACKAGE "multicamera_demo"
| #define HAVE_LIBPTHREAD 1
| #define STDC_HEADERS 1
| #define HAVE_SYS_TYPES_H 1
| #define HAVE_SYS_STAT_H 1
| #define HAVE_STDLIB_H 1
| #define HAVE_STRING_H 1
| #define HAVE_MEMORY_H 1
| #define HAVE_STRINGS_H 1
| #define HAVE_INTTYPES_H 1
| #define HAVE_STDINT_H 1
| #define HAVE_UNISTD_H 1
| #define HAVE_FCNTL_H 1
| #define HAVE_STDLIB_H 1
| #define HAVE_STRING_H 1
| #define HAVE_SYS_IOCTL_H 1
| #define HAVE_UNISTD_H 1
| /* end confdefs.h.  */
| #include <stdio.h>
| #ifdef HAVE_SYS_TYPES_H
| # include <sys/types.h>
| #endif
| #ifdef HAVE_SYS_STAT_H
| # include <sys/stat.h>
| #endif
| #ifdef STDC_HEADERS
| # include <stdlib.h>
| # include <stddef.h>
| #else
| # ifdef HAVE_STDLIB_H
| #  include <stdlib.h>
| # endif
| #endif
| #ifdef HAVE_STRING_H
| # if !defined STDC_HEADERS && defined HAVE_MEMORY_H
| #  include <memory.h>
| # endif
| # include <string.h>
| #endif
| #ifdef HAVE_STRINGS_H
| # include <strings.h>
| #endif
| #ifdef HAVE_INTTYPES_H
| # include <inttypes.h>
| #endif
| #ifdef HAVE_STDINT_H
| # include <stdint.h>
| #endif
| #ifdef HAVE_UNISTD_H
| # include <unistd.h>
| #endif
| #include <gtk/gtk.h>
configure:4634: result: no
configure:4634: checking gtk/gtk.h presence
configure:4634: gcc -E  conftest.c
conftest.c:28:21: error: gtk/gtk.h: No such file or directory
configure:4634: $? = 1
configure: failed program was:
| /* confdefs.h */
| #define PACKAGE_NAME "multicamera_demo"
| #define PACKAGE_TARNAME "multicamera_demo"
| #define PACKAGE_VERSION "1.0"
| #define PACKAGE_STRING "multicamera_demo 1.0"
| #define PACKAGE_BUGREPORT ""
| #define PACKAGE_URL ""
| #define PACKAGE "multicamera_demo"
| #define VERSION "1.0"
| #define GETTEXT_PACKAGE "multicamera_demo"
| #define HAVE_LIBPTHREAD 1
| #define STDC_HEADERS 1
| #define HAVE_SYS_TYPES_H 1
| #define HAVE_SYS_STAT_H 1
| #define HAVE_STDLIB_H 1
| #define HAVE_STRING_H 1
| #define HAVE_MEMORY_H 1
| #define HAVE_STRINGS_H 1
| #define HAVE_INTTYPES_H 1
| #define HAVE_STDINT_H 1
| #define HAVE_UNISTD_H 1
| #define HAVE_FCNTL_H 1
| #define HAVE_STDLIB_H 1
| #define HAVE_STRING_H 1
| #define HAVE_SYS_IOCTL_H 1
| #define HAVE_UNISTD_H 1
| /* end confdefs.h.  */
| #include <gtk/gtk.h>
configure:4634: result: no
configure:4634: checking for gtk/gtk.h
configure:4634: result: no
configure:4634: checking pthread.h usability
configure:4634: gcc -c -g -O2  conftest.c >&5
configure:4634: $? = 0
configure:4634: result: yes
configure:4634: checking pthread.h presence
configure:4634: gcc -E  conftest.c
configure:4634: $? = 0
configure:4634: result: yes
configure:4634: checking for pthread.h
configure:4634: result: yes
configure:4651: checking for stdlib.h
configure:4651: result: yes
configure:4661: checking for GNU libc compatible malloc
configure:4685: gcc -o conftest -g -O2   conftest.c -lpthread  >&5
configure:4685: $? = 0
configure:4685: ./conftest
configure:4685: $? = 0
configure:4695: result: yes
configure:4841: creating ./config.status

## ---------------------- ##
## Running config.status. ##
## ---------------------- ##

This file was extended by multicamera_demo config.status 1.0, which was
generated by GNU Autoconf 2.65.  Invocation command line was

  CONFIG_FILES    = 
  CONFIG_HEADERS  = 
  CONFIG_LINKS    = 
  CONFIG_COMMANDS = 
  $ ./config.status 

on mindvision-desktop

config.status:873: creating Makefile
config.status:873: creating config.h
config.status:1045: config.h is unchanged
config.status:1093: executing depfiles commands

## ---------------- ##
## Cache variables. ##
## ---------------- ##

ac_cv_c_compiler_gnu=yes
ac_cv_cxx_compiler_gnu=yes
ac_cv_env_CCC_set=
ac_cv_env_CCC_value=
ac_cv_env_CC_set=
ac_cv_env_CC_value=
ac_cv_env_CFLAGS_set=
ac_cv_env_CFLAGS_value=
ac_cv_env_CPPFLAGS_set=
ac_cv_env_CPPFLAGS_value=
ac_cv_env_CPP_set=
ac_cv_env_CPP_value=
ac_cv_env_CXXFLAGS_set=
ac_cv_env_CXXFLAGS_value=
ac_cv_env_CXX_set=
ac_cv_env_CXX_value=
ac_cv_env_LDFLAGS_set=
ac_cv_env_LDFLAGS_value=
ac_cv_env_LIBS_set=
ac_cv_env_LIBS_value=
ac_cv_env_PACKAGE_CFLAGS_set=
ac_cv_env_PACKAGE_CFLAGS_value=
ac_cv_env_PACKAGE_LIBS_set=
ac_cv_env_PACKAGE_LIBS_value=
ac_cv_env_PKG_CONFIG_set=
ac_cv_env_PKG_CONFIG_value=
ac_cv_env_build_alias_set=
ac_cv_env_build_alias_value=
ac_cv_env_host_alias_set=
ac_cv_env_host_alias_value=
ac_cv_env_target_alias_set=
ac_cv_env_target_alias_value=
ac_cv_func_malloc_0_nonnull=yes
ac_cv_header_fcntl_h=yes
ac_cv_header_gtk_gtk_h=no
ac_cv_header_inttypes_h=yes
ac_cv_header_memory_h=yes
ac_cv_header_pthread_h=yes
ac_cv_header_stdc=yes
ac_cv_header_stdint_h=yes
ac_cv_header_stdlib_h=yes
ac_cv_header_string_h=yes
ac_cv_header_strings_h=yes
ac_cv_header_sys_ioctl_h=yes
ac_cv_header_sys_stat_h=yes
ac_cv_header_sys_types_h=yes
ac_cv_header_unistd_h=yes
ac_cv_lib_pthread_pthread_rwlock_init=yes
ac_cv_objext=o
ac_cv_path_EGREP='/bin/grep -E'
ac_cv_path_GREP=/bin/grep
ac_cv_path_ac_pt_PKG_CONFIG=/usr/bin/pkg-config
ac_cv_path_install='/usr/bin/install -c'
ac_cv_path_mkdir=/bin/mkdir
ac_cv_prog_AWK=gawk
ac_cv_prog_CPP='gcc -E'
ac_cv_prog_ac_ct_CC=gcc
ac_cv_prog_ac_ct_CXX=g++
ac_cv_prog_cc_c89=
ac_cv_prog_cc_g=yes
ac_cv_prog_cxx_g=yes
ac_cv_prog_make_make_set=yes
am_cv_CC_dependencies_compiler_type=gcc3
am_cv_CXX_dependencies_compiler_type=gcc3
pkg_cv_PACKAGE_CFLAGS='-pthread -D_REENTRANT -I/usr/include/gtk-2.0 -I/usr/lib/gtk-2.0/include -I/usr/include/atk-1.0 -I/usr/include/cairo -I/usr/include/pango-1.0 -I/usr/include/gio-unix-2.0/ -I/usr/include/glib-2.0 -I/usr/lib/glib-2.0/include -I/usr/include/pixman-1 -I/usr/include/freetype2 -I/usr/include/directfb -I/usr/include/libpng12  '
pkg_cv_PACKAGE_LIBS='-pthread -lgtk-x11-2.0 -lgdk-x11-2.0 -latk-1.0 -lgio-2.0 -lpangoft2-1.0 -lgdk_pixbuf-2.0 -lm -lpangocairo-1.0 -lcairo -lpango-1.0 -lfreetype -lfontconfig -lgobject-2.0 -lgmodule-2.0 -lgthread-2.0 -lrt -lglib-2.0  '

## ----------------- ##
## Output variables. ##
## ----------------- ##

ACLOCAL='${SHELL} /home/mindvision/mindvision/mindvision/MindVision_Demo_simpli/demo/multicamera_demo/missing --run aclocal-1.11'
AMDEPBACKSLASH='\'
AMDEP_FALSE='#'
AMDEP_TRUE=''
AMTAR='${SHELL} /home/mindvision/mindvision/mindvision/MindVision_Demo_simpli/demo/multicamera_demo/missing --run tar'
AUTOCONF='${SHELL} /home/mindvision/mindvision/mindvision/MindVision_Demo_simpli/demo/multicamera_demo/missing --run autoconf'
AUTOHEADER='${SHELL} /home/mindvision/mindvision/mindvision/MindVision_Demo_simpli/demo/multicamera_demo/missing --run autoheader'
AUTOMAKE='${SHELL} /home/mindvision/mindvision/mindvision/MindVision_Demo_simpli/demo/multicamera_demo/missing --run automake-1.11'
AWK='gawk'
CC='gcc'
CCDEPMODE='depmode=gcc3'
CFLAGS='-g -O2'
CPP='gcc -E'
CPPFLAGS=''
CXX='g++'
CXXDEPMODE='depmode=gcc3'
CXXFLAGS='-g -O2'
CYGPATH_W='echo'
DEFS='-DHAVE_CONFIG_H'
DEPDIR='.deps'
ECHO_C=''
ECHO_N='-n'
ECHO_T=''
EGREP='/bin/grep -E'
EXEEXT=''
GETTEXT_PACKAGE='multicamera_demo'
GREP='/bin/grep'
INSTALL_DATA='${INSTALL} -m 644'
INSTALL_PROGRAM='${INSTALL}'
INSTALL_SCRIPT='${INSTALL}'
INSTALL_STRIP_PROGRAM='$(install_sh) -c -s'
LDFLAGS=''
LIBOBJS=''
LIBS='-lpthread '
LTLIBOBJS=''
MAKEINFO='${SHELL} /home/mindvision/mindvision/mindvision/MindVision_Demo_simpli/demo/multicamera_demo/missing --run makeinfo'
MKDIR_P='/bin/mkdir -p'
OBJEXT='o'
PACKAGE='multicamera_demo'
PACKAGE_BUGREPORT=''
PACKAGE_CFLAGS='-pthread -D_REENTRANT -I/usr/include/gtk-2.0 -I/usr/lib/gtk-2.0/include -I/usr/include/atk-1.0 -I/usr/include/cairo -I/usr/include/pango-1.0 -I/usr/include/gio-unix-2.0/ -I/usr/include/glib-2.0 -I/usr/lib/glib-2.0/include -I/usr/include/pixman-1 -I/usr/include/freetype2 -I/usr/include/directfb -I/usr/include/libpng12  '
PACKAGE_LIBS='-pthread -lgtk-x11-2.0 -lgdk-x11-2.0 -latk-1.0 -lgio-2.0 -lpangoft2-1.0 -lgdk_pixbuf-2.0 -lm -lpangocairo-1.0 -lcairo -lpango-1.0 -lfreetype -lfontconfig -lgobject-2.0 -lgmodule-2.0 -lgthread-2.0 -lrt -lglib-2.0  '
PACKAGE_NAME='multicamera_demo'
PACKAGE_STRING='multicamera_demo 1.0'
PACKAGE_TARNAME='multicamera_demo'
PACKAGE_URL=''
PACKAGE_VERSION='1.0'
PATH_SEPARATOR=':'
PKG_CONFIG='/usr/bin/pkg-config'
SET_MAKE=''
SHELL='/bin/sh'
STRIP=''
VERSION='1.0'
ac_ct_CC='gcc'
ac_ct_CXX='g++'
am__EXEEXT_FALSE=''
am__EXEEXT_TRUE='#'
am__fastdepCC_FALSE='#'
am__fastdepCC_TRUE=''
am__fastdepCXX_FALSE='#'
am__fastdepCXX_TRUE=''
am__include='include'
am__isrc=''
am__leading_dot='.'
am__quote=''
am__tar='${AMTAR} chof - "$$tardir"'
am__untar='${AMTAR} xf -'
bindir='${exec_prefix}/bin'
build_alias=''
datadir='${datarootdir}'
datarootdir='${prefix}/share'
docdir='${datarootdir}/doc/${PACKAGE_TARNAME}'
dvidir='${docdir}'
exec_prefix='${prefix}'
host_alias=''
htmldir='${docdir}'
includedir='${prefix}/include'
infodir='${datarootdir}/info'
install_sh='${SHELL} /home/mindvision/mindvision/mindvision/MindVision_Demo_simpli/demo/multicamera_demo/install-sh'
libdir='${exec_prefix}/lib'
libexecdir='${exec_prefix}/libexec'
localedir='${datarootdir}/locale'
localstatedir='${prefix}/var'
mandir='${datarootdir}/man'
mkdir_p='/bin/mkdir -p'
oldincludedir='/usr/include'
pdfdir='${docdir}'
prefix='/usr/local'
program_transform_name='s,x,x,'
psdir='${docdir}'
sbindir='${exec_prefix}/sbin'
sharedstatedir='${prefix}/com'
sysconfdir='${prefix}/etc'
target_alias=''

## ----------- ##
## confdefs.h. ##
## ----------- ##

/* confdefs.h */
#define PACKAGE_NAME "multicamera_demo"
#define PACKAGE_TARNAME "multicamera_demo"
#define PACKAGE_VERSION "1.0"
#define PACKAGE_STRING "multicamera_demo 1.0"
#define PACKAGE_BUGREPORT ""
#define PACKAGE_URL ""
#define PACKAGE "multicamera_demo"
#define VERSION "1.0"
#define GETTEXT_PACKAGE "multicamera_demo"
#define HAVE_LIBPTHREAD 1
#define STDC_HEADERS 1
#define HAVE_SYS_TYPES_H 1
#define HAVE_SYS_STAT_H 1
#define HAVE_STDLIB_H 1
#define HAVE_STRING_H 1
#define HAVE_MEMORY_H 1
#define HAVE_STRINGS_H 1
#define HAVE_INTTYPES_H 1
#define HAVE_STDINT_H 1
#define HAVE_UNISTD_H 1
#define HAVE_FCNTL_H 1
#define HAVE_STDLIB_H 1
#define HAVE_STRING_H 1
#define HAVE_SYS_IOCTL_H 1
#define HAVE_UNISTD_H 1
#define HAVE_PTHREAD_H 1
#define HAVE_STDLIB_H 1
#define HAVE_MALLOC 1

configure: exit 0

## ---------------------- ##
## Running config.status. ##
## ---------------------- ##

This file was extended by multicamera_demo config.status 1.0, which was
generated by GNU Autoconf 2.65.  Invocation command line was

  CONFIG_FILES    = 
  CONFIG_HEADERS  = 
  CONFIG_LINKS    = 
  CONFIG_COMMANDS = 
  $ ./config.status config.h

on mindvision-desktop

config.status:873: creating config.h
config.status:1045: config.h is unchanged

## ---------------------- ##
## Running config.status. ##
## ---------------------- ##

This file was extended by multicamera_demo config.status 1.0, which was
generated by GNU Autoconf 2.65.  Invocation command line was

  CONFIG_FILES    = 
  CONFIG_HEADERS  = 
  CONFIG_LINKS    = 
  CONFIG_COMMANDS = 
  $ ./config.status Makefile depfiles

on mindvision-desktop

config.status:873: creating Makefile
config.status:1093: executing depfiles commands
