This file contains any messages produced by compilers while
running configure, to aid debugging if configure makes a mistake.

It was created by GTK_demo configure 1.0, which was
generated by GNU Autoconf 2.65.  Invocation command line was

  $ ./configure 

## --------- ##
## Platform. ##
## --------- ##

hostname = tegra-ubuntu
uname -m = armv7l
uname -r = 3.10.40
uname -s = Linux
uname -v = #34 SMP PREEMPT Fri Oct 30 10:51:09 CST 2015

/usr/bin/uname -p = unknown
/bin/uname -X     = unknown

/bin/arch              = unknown
/usr/bin/arch -k       = unknown
/usr/convex/getsysinfo = unknown
/usr/bin/hostinfo      = unknown
/bin/machine           = unknown
/usr/bin/oslevel       = unknown
/bin/universe          = unknown

PATH: /home/ubuntu/bazel/bazel-bin/src
PATH: /usr/local/cuda-6.5/bin
PATH: /home/ubuntu/bazel/bazel-bin/src
PATH: /usr/local/cuda-6.5/bin
PATH: /home/ubuntu/bazel/bazel-bin/src
PATH: /usr/local/cuda-6.5/bin
PATH: /usr/local/sbin
PATH: /usr/local/bin
PATH: /usr/sbin
PATH: /usr/bin
PATH: /sbin
PATH: /bin
PATH: /usr/games
PATH: /usr/local/games
PATH: /usr/lib/jvm/java-8-oracle/bin
PATH: /usr/lib/jvm/java-8-oracle/db/bin
PATH: /usr/lib/jvm/java-8-oracle/jre/bin


## ----------- ##
## Core tests. ##
## ----------- ##

configure:2130: checking for a BSD-compatible install
configure:2198: result: /usr/bin/install -c
configure:2209: checking whether build environment is sane
configure:2259: result: yes
configure:2400: checking for a thread-safe mkdir -p
configure:2439: result: /bin/mkdir -p
configure:2452: checking for gawk
configure:2482: result: no
configure:2452: checking for mawk
configure:2468: found /usr/bin/mawk
configure:2479: result: mawk
configure:2490: checking whether make sets $(MAKE)
configure:2512: result: yes
configure:2654: checking for g++
configure:2670: found /usr/bin/g++
configure:2681: result: g++
configure:2708: checking for C++ compiler version
configure:2717: g++ --version >&5
g++ (Ubuntu/Linaro 4.8.4-2ubuntu1~14.04.3) 4.8.4
Copyright (C) 2013 Free Software Foundation, Inc.
This is free software; see the source for copying conditions.  There is NO
warranty; not even for MERCHANTABILITY or FITNESS FOR A PARTICULAR PURPOSE.

configure:2728: $? = 0
configure:2717: g++ -v >&5
Using built-in specs.
COLLECT_GCC=g++
COLLECT_LTO_WRAPPER=/usr/lib/gcc/arm-linux-gnueabihf/4.8/lto-wrapper
Target: arm-linux-gnueabihf
Configured with: ../src/configure -v --with-pkgversion='Ubuntu/Linaro 4.8.4-2ubuntu1~14.04.3' --with-bugurl=file:///usr/share/doc/gcc-4.8/README.Bugs --enable-languages=c,c++,java,go,d,fortran,objc,obj-c++ --prefix=/usr --program-suffix=-4.8 --enable-shared --enable-linker-build-id --libexecdir=/usr/lib --without-included-gettext --enable-threads=posix --with-gxx-include-dir=/usr/include/c++/4.8 --libdir=/usr/lib --enable-nls --with-sysroot=/ --enable-clocale=gnu --enable-libstdcxx-debug --enable-libstdcxx-time=yes --enable-gnu-unique-object --disable-libmudflap --disable-libitm --disable-libquadmath --enable-plugin --with-system-zlib --disable-browser-plugin --enable-java-awt=gtk --enable-gtk-cairo --with-java-home=/usr/lib/jvm/java-1.5.0-gcj-4.8-armhf/jre --enable-java-home --with-jvm-root-dir=/usr/lib/jvm/java-1.5.0-gcj-4.8-armhf --with-jvm-jar-dir=/usr/lib/jvm-exports/java-1.5.0-gcj-4.8-armhf --with-arch-directory=arm --with-ecj-jar=/usr/share/java/eclipse-ecj.jar --enable-objc-gc --enable-multiarch --enable-multilib --disable-sjlj-exceptions --with-arch=armv7-a --with-fpu=vfpv3-d16 --with-float=hard --with-mode=thumb --disable-werror --enable-checking=release --build=arm-linux-gnueabihf --host=arm-linux-gnueabihf --target=arm-linux-gnueabihf
Thread model: posix
gcc version 4.8.4 (Ubuntu/Linaro 4.8.4-2ubuntu1~14.04.3) 
configure:2728: $? = 0
configure:2717: g++ -V >&5
g++: error: unrecognized command line option '-V'
g++: fatal error: no input files
compilation terminated.
configure:2728: $? = 4
configure:2717: g++ -qversion >&5
g++: error: unrecognized command line option '-qversion'
g++: fatal error: no input files
compilation terminated.
configure:2728: $? = 4
configure:2748: checking whether the C++ compiler works
configure:2770: g++    conftest.cpp  >&5
configure:2774: $? = 0
configure:2823: result: yes
configure:2826: checking for C++ compiler default output file name
configure:2828: result: a.out
configure:2834: checking for suffix of executables
configure:2841: g++ -o conftest    conftest.cpp  >&5
configure:2845: $? = 0
configure:2867: result: 
configure:2889: checking whether we are cross compiling
configure:2897: g++ -o conftest    conftest.cpp  >&5
configure:2901: $? = 0
configure:2908: ./conftest
configure:2912: $? = 0
configure:2927: result: no
configure:2932: checking for suffix of object files
configure:2954: g++ -c   conftest.cpp >&5
configure:2958: $? = 0
configure:2979: result: o
configure:2983: checking whether we are using the GNU C++ compiler
configure:3002: g++ -c   conftest.cpp >&5
configure:3002: $? = 0
configure:3011: result: yes
configure:3020: checking whether g++ accepts -g
configure:3040: g++ -c -g  conftest.cpp >&5
configure:3040: $? = 0
configure:3081: result: yes
configure:3115: checking for style of include used by make
configure:3143: result: GNU
configure:3168: checking dependency style of g++
configure:3278: result: gcc3
configure:3341: checking for gcc
configure:3357: found /usr/bin/gcc
configure:3368: result: gcc
configure:3597: checking for C compiler version
configure:3606: gcc --version >&5
gcc (Ubuntu/Linaro 4.8.4-2ubuntu1~14.04.3) 4.8.4
Copyright (C) 2013 Free Software Foundation, Inc.
This is free software; see the source for copying conditions.  There is NO
warranty; not even for MERCHANTABILITY or FITNESS FOR A PARTICULAR PURPOSE.

configure:3617: $? = 0
configure:3606: gcc -v >&5
Using built-in specs.
COLLECT_GCC=gcc
COLLECT_LTO_WRAPPER=/usr/lib/gcc/arm-linux-gnueabihf/4.8/lto-wrapper
Target: arm-linux-gnueabihf
Configured with: ../src/configure -v --with-pkgversion='Ubuntu/Linaro 4.8.4-2ubuntu1~14.04.3' --with-bugurl=file:///usr/share/doc/gcc-4.8/README.Bugs --enable-languages=c,c++,java,go,d,fortran,objc,obj-c++ --prefix=/usr --program-suffix=-4.8 --enable-shared --enable-linker-build-id --libexecdir=/usr/lib --without-included-gettext --enable-threads=posix --with-gxx-include-dir=/usr/include/c++/4.8 --libdir=/usr/lib --enable-nls --with-sysroot=/ --enable-clocale=gnu --enable-libstdcxx-debug --enable-libstdcxx-time=yes --enable-gnu-unique-object --disable-libmudflap --disable-libitm --disable-libquadmath --enable-plugin --with-system-zlib --disable-browser-plugin --enable-java-awt=gtk --enable-gtk-cairo --with-java-home=/usr/lib/jvm/java-1.5.0-gcj-4.8-armhf/jre --enable-java-home --with-jvm-root-dir=/usr/lib/jvm/java-1.5.0-gcj-4.8-armhf --with-jvm-jar-dir=/usr/lib/jvm-exports/java-1.5.0-gcj-4.8-armhf --with-arch-directory=arm --with-ecj-jar=/usr/share/java/eclipse-ecj.jar --enable-objc-gc --enable-multiarch --enable-multilib --disable-sjlj-exceptions --with-arch=armv7-a --with-fpu=vfpv3-d16 --with-float=hard --with-mode=thumb --disable-werror --enable-checking=release --build=arm-linux-gnueabihf --host=arm-linux-gnueabihf --target=arm-linux-gnueabihf
Thread model: posix
gcc version 4.8.4 (Ubuntu/Linaro 4.8.4-2ubuntu1~14.04.3) 
configure:3617: $? = 0
configure:3606: gcc -V >&5
gcc: error: unrecognized command line option '-V'
gcc: fatal error: no input files
compilation terminated.
configure:3617: $? = 4
configure:3606: gcc -qversion >&5
gcc: error: unrecognized command line option '-qversion'
gcc: fatal error: no input files
compilation terminated.
configure:3617: $? = 4
configure:3621: checking whether we are using the GNU C compiler
configure:3640: gcc -c   conftest.c >&5
configure:3640: $? = 0
configure:3649: result: yes
configure:3658: checking whether gcc accepts -g
configure:3678: gcc -c -g  conftest.c >&5
configure:3678: $? = 0
configure:3719: result: yes
configure:3736: checking for gcc option to accept ISO C89
configure:3800: gcc  -c -g -O2  conftest.c >&5
configure:3800: $? = 0
configure:3813: result: none needed
configure:3835: checking dependency style of gcc
configure:3945: result: gcc3
configure:4012: checking for pkg-config
configure:4030: found /usr/bin/pkg-config
configure:4042: result: /usr/bin/pkg-config
configure:4067: checking pkg-config is at least version 0.9.0
configure:4070: result: yes
configure:4081: checking for PACKAGE
configure:4089: $PKG_CONFIG --exists --print-errors "$pkg_modules"
configure:4092: $? = 0
configure:4107: $PKG_CONFIG --exists --print-errors "$pkg_modules"
configure:4110: $? = 0
configure:4165: result: yes
configure:4185: checking for pthread_rwlock_init in -lpthread
configure:4210: gcc -o conftest -g -O2   conftest.c -lpthread   >&5
configure:4210: $? = 0
configure:4219: result: yes
configure:4237: checking how to run the C preprocessor
configure:4268: gcc -E  conftest.c
configure:4268: $? = 0
configure:4282: gcc -E  conftest.c
conftest.c:13:28: fatal error: ac_nonexistent.h: No such file or directory
 #include <ac_nonexistent.h>
                            ^
compilation terminated.
configure:4282: $? = 1
configure: failed program was:
| /* confdefs.h */
| #define PACKAGE_NAME "GTK_demo"
| #define PACKAGE_TARNAME "gtk_demo"
| #define PACKAGE_VERSION "1.0"
| #define PACKAGE_STRING "GTK_demo 1.0"
| #define PACKAGE_BUGREPORT ""
| #define PACKAGE_URL ""
| #define PACKAGE "GTK_demo"
| #define VERSION "1.0"
| #define GETTEXT_PACKAGE "GTK_demo"
| #define HAVE_LIBPTHREAD 1
| /* end confdefs.h.  */
| #include <ac_nonexistent.h>
configure:4307: result: gcc -E
configure:4327: gcc -E  conftest.c
configure:4327: $? = 0
configure:4341: gcc -E  conftest.c
conftest.c:13:28: fatal error: ac_nonexistent.h: No such file or directory
 #include <ac_nonexistent.h>
                            ^
compilation terminated.
configure:4341: $? = 1
configure: failed program was:
| /* confdefs.h */
| #define PACKAGE_NAME "GTK_demo"
| #define PACKAGE_TARNAME "gtk_demo"
| #define PACKAGE_VERSION "1.0"
| #define PACKAGE_STRING "GTK_demo 1.0"
| #define PACKAGE_BUGREPORT ""
| #define PACKAGE_URL ""
| #define PACKAGE "GTK_demo"
| #define VERSION "1.0"
| #define GETTEXT_PACKAGE "GTK_demo"
| #define HAVE_LIBPTHREAD 1
| /* end confdefs.h.  */
| #include <ac_nonexistent.h>
configure:4370: checking for grep that handles long lines and -e
configure:4428: result: /bin/grep
configure:4433: checking for egrep
configure:4495: result: /bin/grep -E
configure:4500: checking for ANSI C header files
configure:4520: gcc -c -g -O2  conftest.c >&5
configure:4520: $? = 0
configure:4593: gcc -o conftest -g -O2   conftest.c -lpthread  >&5
configure:4593: $? = 0
configure:4593: ./conftest
configure:4593: $? = 0
configure:4604: result: yes
configure:4617: checking for sys/types.h
configure:4617: gcc -c -g -O2  conftest.c >&5
configure:4617: $? = 0
configure:4617: result: yes
configure:4617: checking for sys/stat.h
configure:4617: gcc -c -g -O2  conftest.c >&5
configure:4617: $? = 0
configure:4617: result: yes
configure:4617: checking for stdlib.h
configure:4617: gcc -c -g -O2  conftest.c >&5
configure:4617: $? = 0
configure:4617: result: yes
configure:4617: checking for string.h
configure:4617: gcc -c -g -O2  conftest.c >&5
configure:4617: $? = 0
configure:4617: result: yes
configure:4617: checking for memory.h
configure:4617: gcc -c -g -O2  conftest.c >&5
configure:4617: $? = 0
configure:4617: result: yes
configure:4617: checking for strings.h
configure:4617: gcc -c -g -O2  conftest.c >&5
configure:4617: $? = 0
configure:4617: result: yes
configure:4617: checking for inttypes.h
configure:4617: gcc -c -g -O2  conftest.c >&5
configure:4617: $? = 0
configure:4617: result: yes
configure:4617: checking for stdint.h
configure:4617: gcc -c -g -O2  conftest.c >&5
configure:4617: $? = 0
configure:4617: result: yes
configure:4617: checking for unistd.h
configure:4617: gcc -c -g -O2  conftest.c >&5
configure:4617: $? = 0
configure:4617: result: yes
configure:4633: checking fcntl.h usability
configure:4633: gcc -c -g -O2  conftest.c >&5
configure:4633: $? = 0
configure:4633: result: yes
configure:4633: checking fcntl.h presence
configure:4633: gcc -E  conftest.c
configure:4633: $? = 0
configure:4633: result: yes
configure:4633: checking for fcntl.h
configure:4633: result: yes
configure:4633: checking for stdlib.h
configure:4633: result: yes
configure:4633: checking for string.h
configure:4633: result: yes
configure:4633: checking sys/ioctl.h usability
configure:4633: gcc -c -g -O2  conftest.c >&5
configure:4633: $? = 0
configure:4633: result: yes
configure:4633: checking sys/ioctl.h presence
configure:4633: gcc -E  conftest.c
configure:4633: $? = 0
configure:4633: result: yes
configure:4633: checking for sys/ioctl.h
configure:4633: result: yes
configure:4633: checking for unistd.h
configure:4633: result: yes
configure:4633: checking gtk/gtk.h usability
configure:4633: gcc -c -g -O2  conftest.c >&5
conftest.c:61:21: fatal error: gtk/gtk.h: No such file or directory
 #include <gtk/gtk.h>
                     ^
compilation terminated.
configure:4633: $? = 1
configure: failed program was:
| /* confdefs.h */
| #define PACKAGE_NAME "GTK_demo"
| #define PACKAGE_TARNAME "gtk_demo"
| #define PACKAGE_VERSION "1.0"
| #define PACKAGE_STRING "GTK_demo 1.0"
| #define PACKAGE_BUGREPORT ""
| #define PACKAGE_URL ""
| #define PACKAGE "GTK_demo"
| #define VERSION "1.0"
| #define GETTEXT_PACKAGE "GTK_demo"
| #define HAVE_LIBPTHREAD 1
| #define STDC_HEADERS 1
| #define HAVE_SYS_TYPES_H 1
| #define HAVE_SYS_STAT_H 1
| #define HAVE_STDLIB_H 1
| #define HAVE_STRING_H 1
| #define HAVE_MEMORY_H 1
| #define HAVE_STRINGS_H 1
| #define HAVE_INTTYPES_H 1
| #define HAVE_STDINT_H 1
| #define HAVE_UNISTD_H 1
| #define HAVE_FCNTL_H 1
| #define HAVE_STDLIB_H 1
| #define HAVE_STRING_H 1
| #define HAVE_SYS_IOCTL_H 1
| #define HAVE_UNISTD_H 1
| /* end confdefs.h.  */
| #include <stdio.h>
| #ifdef HAVE_SYS_TYPES_H
| # include <sys/types.h>
| #endif
| #ifdef HAVE_SYS_STAT_H
| # include <sys/stat.h>
| #endif
| #ifdef STDC_HEADERS
| # include <stdlib.h>
| # include <stddef.h>
| #else
| # ifdef HAVE_STDLIB_H
| #  include <stdlib.h>
| # endif
| #endif
| #ifdef HAVE_STRING_H
| # if !defined STDC_HEADERS && defined HAVE_MEMORY_H
| #  include <memory.h>
| # endif
| # include <string.h>
| #endif
| #ifdef HAVE_STRINGS_H
| # include <strings.h>
| #endif
| #ifdef HAVE_INTTYPES_H
| # include <inttypes.h>
| #endif
| #ifdef HAVE_STDINT_H
| # include <stdint.h>
| #endif
| #ifdef HAVE_UNISTD_H
| # include <unistd.h>
| #endif
| #include <gtk/gtk.h>
configure:4633: result: no
configure:4633: checking gtk/gtk.h presence
configure:4633: gcc -E  conftest.c
conftest.c:28:21: fatal error: gtk/gtk.h: No such file or directory
 #include <gtk/gtk.h>
                     ^
compilation terminated.
configure:4633: $? = 1
configure: failed program was:
| /* confdefs.h */
| #define PACKAGE_NAME "GTK_demo"
| #define PACKAGE_TARNAME "gtk_demo"
| #define PACKAGE_VERSION "1.0"
| #define PACKAGE_STRING "GTK_demo 1.0"
| #define PACKAGE_BUGREPORT ""
| #define PACKAGE_URL ""
| #define PACKAGE "GTK_demo"
| #define VERSION "1.0"
| #define GETTEXT_PACKAGE "GTK_demo"
| #define HAVE_LIBPTHREAD 1
| #define STDC_HEADERS 1
| #define HAVE_SYS_TYPES_H 1
| #define HAVE_SYS_STAT_H 1
| #define HAVE_STDLIB_H 1
| #define HAVE_STRING_H 1
| #define HAVE_MEMORY_H 1
| #define HAVE_STRINGS_H 1
| #define HAVE_INTTYPES_H 1
| #define HAVE_STDINT_H 1
| #define HAVE_UNISTD_H 1
| #define HAVE_FCNTL_H 1
| #define HAVE_STDLIB_H 1
| #define HAVE_STRING_H 1
| #define HAVE_SYS_IOCTL_H 1
| #define HAVE_UNISTD_H 1
| /* end confdefs.h.  */
| #include <gtk/gtk.h>
configure:4633: result: no
configure:4633: checking for gtk/gtk.h
configure:4633: result: no
configure:4633: checking pthread.h usability
configure:4633: gcc -c -g -O2  conftest.c >&5
configure:4633: $? = 0
configure:4633: result: yes
configure:4633: checking pthread.h presence
configure:4633: gcc -E  conftest.c
configure:4633: $? = 0
configure:4633: result: yes
configure:4633: checking for pthread.h
configure:4633: result: yes
configure:4650: checking for stdlib.h
configure:4650: result: yes
configure:4660: checking for GNU libc compatible malloc
configure:4684: gcc -o conftest -g -O2   conftest.c -lpthread  >&5
configure:4684: $? = 0
configure:4684: ./conftest
configure:4684: $? = 0
configure:4694: result: yes
configure:4840: creating ./config.status

## ---------------------- ##
## Running config.status. ##
## ---------------------- ##

This file was extended by GTK_demo config.status 1.0, which was
generated by GNU Autoconf 2.65.  Invocation command line was

  CONFIG_FILES    = 
  CONFIG_HEADERS  = 
  CONFIG_LINKS    = 
  CONFIG_COMMANDS = 
  $ ./config.status 

on tegra-ubuntu

config.status:873: creating Makefile
config.status:873: creating config.h
config.status:1045: config.h is unchanged
config.status:1093: executing depfiles commands

## ---------------- ##
## Cache variables. ##
## ---------------- ##

ac_cv_c_compiler_gnu=yes
ac_cv_cxx_compiler_gnu=yes
ac_cv_env_CCC_set=
ac_cv_env_CCC_value=
ac_cv_env_CC_set=
ac_cv_env_CC_value=
ac_cv_env_CFLAGS_set=
ac_cv_env_CFLAGS_value=
ac_cv_env_CPPFLAGS_set=
ac_cv_env_CPPFLAGS_value=
ac_cv_env_CPP_set=
ac_cv_env_CPP_value=
ac_cv_env_CXXFLAGS_set=
ac_cv_env_CXXFLAGS_value=
ac_cv_env_CXX_set=
ac_cv_env_CXX_value=
ac_cv_env_LDFLAGS_set=
ac_cv_env_LDFLAGS_value=
ac_cv_env_LIBS_set=
ac_cv_env_LIBS_value=
ac_cv_env_PACKAGE_CFLAGS_set=
ac_cv_env_PACKAGE_CFLAGS_value=
ac_cv_env_PACKAGE_LIBS_set=
ac_cv_env_PACKAGE_LIBS_value=
ac_cv_env_PKG_CONFIG_set=
ac_cv_env_PKG_CONFIG_value=
ac_cv_env_build_alias_set=
ac_cv_env_build_alias_value=
ac_cv_env_host_alias_set=
ac_cv_env_host_alias_value=
ac_cv_env_target_alias_set=
ac_cv_env_target_alias_value=
ac_cv_func_malloc_0_nonnull=yes
ac_cv_header_fcntl_h=yes
ac_cv_header_gtk_gtk_h=no
ac_cv_header_inttypes_h=yes
ac_cv_header_memory_h=yes
ac_cv_header_pthread_h=yes
ac_cv_header_stdc=yes
ac_cv_header_stdint_h=yes
ac_cv_header_stdlib_h=yes
ac_cv_header_string_h=yes
ac_cv_header_strings_h=yes
ac_cv_header_sys_ioctl_h=yes
ac_cv_header_sys_stat_h=yes
ac_cv_header_sys_types_h=yes
ac_cv_header_unistd_h=yes
ac_cv_lib_pthread_pthread_rwlock_init=yes
ac_cv_objext=o
ac_cv_path_EGREP='/bin/grep -E'
ac_cv_path_GREP=/bin/grep
ac_cv_path_ac_pt_PKG_CONFIG=/usr/bin/pkg-config
ac_cv_path_install='/usr/bin/install -c'
ac_cv_path_mkdir=/bin/mkdir
ac_cv_prog_AWK=mawk
ac_cv_prog_CPP='gcc -E'
ac_cv_prog_ac_ct_CC=gcc
ac_cv_prog_ac_ct_CXX=g++
ac_cv_prog_cc_c89=
ac_cv_prog_cc_g=yes
ac_cv_prog_cxx_g=yes
ac_cv_prog_make_make_set=yes
am_cv_CC_dependencies_compiler_type=gcc3
am_cv_CXX_dependencies_compiler_type=gcc3
pkg_cv_PACKAGE_CFLAGS='-pthread -I/usr/include/gtk-2.0 -I/usr/lib/arm-linux-gnueabihf/gtk-2.0/include -I/usr/include/atk-1.0 -I/usr/include/cairo -I/usr/include/gdk-pixbuf-2.0 -I/usr/include/pango-1.0 -I/usr/include/gio-unix-2.0/ -I/usr/include/freetype2 -I/usr/include/glib-2.0 -I/usr/lib/arm-linux-gnueabihf/glib-2.0/include -I/usr/include/pixman-1 -I/usr/include/libpng12 -I/usr/include/harfbuzz  '
pkg_cv_PACKAGE_LIBS='-lgtk-x11-2.0 -lgdk-x11-2.0 -latk-1.0 -lgio-2.0 -lpangoft2-1.0 -lpangocairo-1.0 -lgdk_pixbuf-2.0 -lcairo -lpango-1.0 -lfontconfig -lgobject-2.0 -lglib-2.0 -lfreetype  '

## ----------------- ##
## Output variables. ##
## ----------------- ##

ACLOCAL='${SHELL} /home/ubuntu/mindvision_arm/mvux_camera/demo/GTK_Demo/missing --run aclocal-1.11'
AMDEPBACKSLASH='\'
AMDEP_FALSE='#'
AMDEP_TRUE=''
AMTAR='${SHELL} /home/ubuntu/mindvision_arm/mvux_camera/demo/GTK_Demo/missing --run tar'
AUTOCONF='${SHELL} /home/ubuntu/mindvision_arm/mvux_camera/demo/GTK_Demo/missing --run autoconf'
AUTOHEADER='${SHELL} /home/ubuntu/mindvision_arm/mvux_camera/demo/GTK_Demo/missing --run autoheader'
AUTOMAKE='${SHELL} /home/ubuntu/mindvision_arm/mvux_camera/demo/GTK_Demo/missing --run automake-1.11'
AWK='mawk'
CC='gcc'
CCDEPMODE='depmode=gcc3'
CFLAGS='-g -O2'
CPP='gcc -E'
CPPFLAGS=''
CXX='g++'
CXXDEPMODE='depmode=gcc3'
CXXFLAGS='-g -O2'
CYGPATH_W='echo'
DEFS='-DHAVE_CONFIG_H'
DEPDIR='.deps'
ECHO_C=''
ECHO_N='-n'
ECHO_T=''
EGREP='/bin/grep -E'
EXEEXT=''
GETTEXT_PACKAGE='GTK_demo'
GREP='/bin/grep'
INSTALL_DATA='${INSTALL} -m 644'
INSTALL_PROGRAM='${INSTALL}'
INSTALL_SCRIPT='${INSTALL}'
INSTALL_STRIP_PROGRAM='$(install_sh) -c -s'
LDFLAGS=''
LIBOBJS=''
LIBS='-lpthread '
LTLIBOBJS=''
MAKEINFO='${SHELL} /home/ubuntu/mindvision_arm/mvux_camera/demo/GTK_Demo/missing --run makeinfo'
MKDIR_P='/bin/mkdir -p'
OBJEXT='o'
PACKAGE='GTK_demo'
PACKAGE_BUGREPORT=''
PACKAGE_CFLAGS='-pthread -I/usr/include/gtk-2.0 -I/usr/lib/arm-linux-gnueabihf/gtk-2.0/include -I/usr/include/atk-1.0 -I/usr/include/cairo -I/usr/include/gdk-pixbuf-2.0 -I/usr/include/pango-1.0 -I/usr/include/gio-unix-2.0/ -I/usr/include/freetype2 -I/usr/include/glib-2.0 -I/usr/lib/arm-linux-gnueabihf/glib-2.0/include -I/usr/include/pixman-1 -I/usr/include/libpng12 -I/usr/include/harfbuzz  '
PACKAGE_LIBS='-lgtk-x11-2.0 -lgdk-x11-2.0 -latk-1.0 -lgio-2.0 -lpangoft2-1.0 -lpangocairo-1.0 -lgdk_pixbuf-2.0 -lcairo -lpango-1.0 -lfontconfig -lgobject-2.0 -lglib-2.0 -lfreetype  '
PACKAGE_NAME='GTK_demo'
PACKAGE_STRING='GTK_demo 1.0'
PACKAGE_TARNAME='gtk_demo'
PACKAGE_URL=''
PACKAGE_VERSION='1.0'
PATH_SEPARATOR=':'
PKG_CONFIG='/usr/bin/pkg-config'
SET_MAKE=''
SHELL='/bin/bash'
STRIP=''
VERSION='1.0'
ac_ct_CC='gcc'
ac_ct_CXX='g++'
am__EXEEXT_FALSE=''
am__EXEEXT_TRUE='#'
am__fastdepCC_FALSE='#'
am__fastdepCC_TRUE=''
am__fastdepCXX_FALSE='#'
am__fastdepCXX_TRUE=''
am__include='include'
am__isrc=''
am__leading_dot='.'
am__quote=''
am__tar='${AMTAR} chof - "$$tardir"'
am__untar='${AMTAR} xf -'
bindir='${exec_prefix}/bin'
build_alias=''
datadir='${datarootdir}'
datarootdir='${prefix}/share'
docdir='${datarootdir}/doc/${PACKAGE_TARNAME}'
dvidir='${docdir}'
exec_prefix='${prefix}'
host_alias=''
htmldir='${docdir}'
includedir='${prefix}/include'
infodir='${datarootdir}/info'
install_sh='${SHELL} /home/ubuntu/mindvision_arm/mvux_camera/demo/GTK_Demo/install-sh'
libdir='${exec_prefix}/lib'
libexecdir='${exec_prefix}/libexec'
localedir='${datarootdir}/locale'
localstatedir='${prefix}/var'
mandir='${datarootdir}/man'
mkdir_p='/bin/mkdir -p'
oldincludedir='/usr/include'
pdfdir='${docdir}'
prefix='/usr/local'
program_transform_name='s,x,x,'
psdir='${docdir}'
sbindir='${exec_prefix}/sbin'
sharedstatedir='${prefix}/com'
sysconfdir='${prefix}/etc'
target_alias=''

## ----------- ##
## confdefs.h. ##
## ----------- ##

/* confdefs.h */
#define PACKAGE_NAME "GTK_demo"
#define PACKAGE_TARNAME "gtk_demo"
#define PACKAGE_VERSION "1.0"
#define PACKAGE_STRING "GTK_demo 1.0"
#define PACKAGE_BUGREPORT ""
#define PACKAGE_URL ""
#define PACKAGE "GTK_demo"
#define VERSION "1.0"
#define GETTEXT_PACKAGE "GTK_demo"
#define HAVE_LIBPTHREAD 1
#define STDC_HEADERS 1
#define HAVE_SYS_TYPES_H 1
#define HAVE_SYS_STAT_H 1
#define HAVE_STDLIB_H 1
#define HAVE_STRING_H 1
#define HAVE_MEMORY_H 1
#define HAVE_STRINGS_H 1
#define HAVE_INTTYPES_H 1
#define HAVE_STDINT_H 1
#define HAVE_UNISTD_H 1
#define HAVE_FCNTL_H 1
#define HAVE_STDLIB_H 1
#define HAVE_STRING_H 1
#define HAVE_SYS_IOCTL_H 1
#define HAVE_UNISTD_H 1
#define HAVE_PTHREAD_H 1
#define HAVE_STDLIB_H 1
#define HAVE_MALLOC 1

configure: exit 0
